
ROM used: 2774 (8%)
          2774 (8%) including unused fragments

          5 Average locations per line
          36 Average locations per statement

RAM used: 23 (1%) at main() level
          46 (2%) worst case

Stack used: 5 worst case (out of 31 total available)

Lines Stmts  %   Files
----- ----- ---  -----
   41    14  18  Lecura Tension 1.c
  371     0   0  ..\..\..\..\Program Files (x86)\PICC\devices\18f2550.h
  180    63  82  ..\..\..\..\Program Files (x86)\PICC\drivers\lcd.c
----- -----
  592    77 Total

Page ROM  %  RAM   Vol Diff  Functions:
---- --- --- ---   --- ----  ----------
0     40   1   1             @delay_ms1
0     20   0   0             @const54
0     56   1   3   463  4.3  lcd_read_byte
0     24   0   1   134  2.2  lcd_send_nibble
0     54   1   3   317  4.3  lcd_send_byte
0     88   2   3   422  4.7  lcd_init
0     36   1   4   186  5.5  lcd_gotoxy
0     66   1   1   272  4.1  lcd_putc
0    464   8  18   510  4.3  MAIN
0     32   1   5             @MUL1616
0     56   1   2             @ITOF
0    346   6  14             @DIVFF
0    242   4  11             @MULFF
0    620  11  16             @ADDFF
0     28   1   0             @const100
0     64   1   5             @FTOSD
0    122   2  13             @DIV3232
0    382   7  13             @PRINTF_L32D_74FPFPF
0     30   1   0             @const109

Program metrics:
    Functions               7
    Statements              77
    Comments                152
    Volume (V)              3504
    Difficilty (D)          27.8
    Effort to implement (E) 97381
    Time to implement (T)   1 hours, 30 minutes
    Est Delivered Bugs (B)  1
    Cyclomatic Complexity   8
    Maintainability (MI)    140

 Segment     Used  Free
-----------  ----  ----
00000-00002     4  0  
00004-07FFE  2770  29994  



